<?xml version="1.0" encoding="UTF-8"?>
<testsuite xmlns:xsi="http://www.w3.org/2001/XMLSchema-instance" xsi:noNamespaceSchemaLocation="https://maven.apache.org/surefire/maven-surefire-plugin/xsd/surefire-test-report-3.0.xsd" version="3.0" name="com.epf.dao.PlanteDaoImplTest" time="0.079" tests="1" errors="0" skipped="0" failures="0">
  <properties>
[...]
</properties>
  <testcase name="testInsertGetUpdateDelete" classname="com.epf.dao.PlanteDaoImplTest" time="0.023">
    <system-out><![CDATA[16:25:43.013 [main] DEBUG org.springframework.test.context.support.DefaultTestContextBootstrapper -- Using ContextCustomizerFactory implementations for test class [PlanteDaoImplTest]: [MockServerContainerContextCustomizerFactory, DynamicPropertiesContextCustomizerFactory]
16:25:43.013 [main] DEBUG org.springframework.test.context.support.DefaultTestContextBootstrapper -- Using ContextCustomizers for test class [PlanteDaoImplTest]: []
16:25:43.015 [main] DEBUG org.springframework.test.context.util.TestContextSpringFactoriesUtils -- Skipping candidate TestExecutionListener [org.springframework.test.context.observation.MicrometerObservationRegistryTestExecutionListener] due to a missing dependency. Specify custom TestExecutionListener classes or make the default TestExecutionListener classes and their required dependencies available. Offending class: io.micrometer.context.ThreadLocalAccessor. MicrometerObservationRegistryTestExecutionListener requires io.micrometer:micrometer-observation:1.10.8 or higher and io.micrometer:context-propagation:1.0.3 or higher.
16:25:43.015 [main] DEBUG org.springframework.test.context.support.DefaultTestContextBootstrapper -- Using TestExecutionListeners for test class [PlanteDaoImplTest]: [ServletTestExecutionListener, DirtiesContextBeforeModesTestExecutionListener, ApplicationEventsTestExecutionListener, DependencyInjectionTestExecutionListener, DirtiesContextTestExecutionListener, TransactionalTestExecutionListener, SqlScriptsTestExecutionListener, EventPublishingTestExecutionListener]
16:25:43.016 [main] DEBUG org.springframework.test.context.support.DirtiesContextBeforeModesTestExecutionListener -- Before test class: class [PlanteDaoImplTest], class annotated with @DirtiesContext [false] with mode [null]
16:25:43.017 [main] DEBUG org.springframework.test.context.support.DependencyInjectionTestExecutionListener -- Performing dependency injection for test class com.epf.dao.PlanteDaoImplTest
16:25:43.018 [main] DEBUG org.springframework.test.context.support.AbstractGenericContextLoader -- Loading ApplicationContext for test class com.epf.dao.PlanteDaoImplTest
16:25:43.018 [main] DEBUG org.springframework.core.env.StandardEnvironment -- Activating profiles []
16:25:43.018 [main] DEBUG org.springframework.test.context.support.AnnotationConfigContextLoader -- Registering component classes: [com.epf.dao.PlanteDaoImpl, com.epf.config.DataSourceTestConfig]
16:25:43.021 [main] DEBUG org.springframework.context.support.GenericApplicationContext -- Refreshing org.springframework.context.support.GenericApplicationContext@5ecba515
16:25:43.021 [main] DEBUG org.springframework.beans.factory.support.DefaultListableBeanFactory -- Creating shared instance of singleton bean 'org.springframework.context.annotation.internalConfigurationAnnotationProcessor'
16:25:43.028 [main] DEBUG org.springframework.beans.factory.support.DefaultListableBeanFactory -- Creating shared instance of singleton bean 'org.springframework.context.event.internalEventListenerProcessor'
16:25:43.029 [main] DEBUG org.springframework.beans.factory.support.DefaultListableBeanFactory -- Creating shared instance of singleton bean 'org.springframework.context.event.internalEventListenerFactory'
16:25:43.030 [main] DEBUG org.springframework.beans.factory.support.DefaultListableBeanFactory -- Creating shared instance of singleton bean 'org.springframework.context.annotation.internalAutowiredAnnotationProcessor'
16:25:43.032 [main] DEBUG org.springframework.beans.factory.support.DefaultListableBeanFactory -- Creating shared instance of singleton bean 'org.springframework.context.annotation.internalCommonAnnotationProcessor'
16:25:43.033 [main] DEBUG org.springframework.beans.factory.support.DefaultListableBeanFactory -- Creating shared instance of singleton bean 'planteDaoImpl'
16:25:43.033 [main] DEBUG org.springframework.beans.factory.support.DefaultListableBeanFactory -- Creating shared instance of singleton bean 'jdbcTemplate'
16:25:43.034 [main] DEBUG org.springframework.beans.factory.support.DefaultListableBeanFactory -- Creating shared instance of singleton bean 'dataSourceTestConfig'
16:25:43.034 [main] DEBUG org.springframework.beans.factory.support.DefaultListableBeanFactory -- Creating shared instance of singleton bean 'dataSource'
16:25:43.035 [main] DEBUG org.springframework.jdbc.datasource.DriverManagerDataSource -- Loaded JDBC driver: org.h2.Driver
16:25:43.035 [main] DEBUG org.springframework.jdbc.datasource.DriverManagerDataSource -- Creating new JDBC DriverManager Connection to [jdbc:h2:mem:pvz;DB_CLOSE_DELAY=-1;DB_CLOSE_ON_EXIT=FALSE]
16:25:43.036 [main] DEBUG org.springframework.jdbc.datasource.init.ScriptUtils -- Executing SQL script from class path resource [schema.sql]
16:25:43.039 [main] DEBUG org.springframework.jdbc.datasource.init.ScriptUtils -- 0 returned as update count for SQL: DROP TABLE IF EXISTS zombie
16:25:43.040 [main] DEBUG org.springframework.jdbc.datasource.init.ScriptUtils -- 0 returned as update count for SQL: DROP TABLE IF EXISTS plante
16:25:43.041 [main] DEBUG org.springframework.jdbc.datasource.init.ScriptUtils -- 0 returned as update count for SQL: DROP TABLE IF EXISTS map
16:25:43.043 [main] DEBUG org.springframework.jdbc.datasource.init.ScriptUtils -- 0 returned as update count for SQL: CREATE TABLE map ( id_map INT AUTO_INCREMENT PRIMARY KEY, ligne INT NOT NULL, colonne INT NOT NULL, chemin_image VARCHAR(255) DEFAULT NULL )
16:25:43.044 [main] DEBUG org.springframework.jdbc.datasource.init.ScriptUtils -- 0 returned as update count for SQL: CREATE TABLE plante ( id_plante INT AUTO_INCREMENT PRIMARY KEY, nom VARCHAR(255) NOT NULL, point_de_vie INT NOT NULL, attaque_par_seconde DECIMAL(5,2) DEFAULT 0.00, degat_attaque INT DEFAULT 0, cout INT NOT NULL, soleil_par_seconde DECIMAL(5,2) DEFAULT 0.00, effet VARCHAR(50) DEFAULT 'normal', chemin_image VARCHAR(255) DEFAULT NULL )
16:25:43.048 [main] DEBUG org.springframework.jdbc.datasource.init.ScriptUtils -- 0 returned as update count for SQL: CREATE TABLE zombie ( id_zombie INT AUTO_INCREMENT PRIMARY KEY, nom VARCHAR(255) NOT NULL, point_de_vie INT NOT NULL, attaque_par_seconde DECIMAL(5,2) DEFAULT 0.00, degat_attaque INT NOT NULL, vitesse_de_deplacement DECIMAL(5,2) DEFAULT 0.00, chemin_image VARCHAR(255) DEFAULT NULL, id_map INT, CONSTRAINT fk_zombie_map FOREIGN KEY (id_map) REFERENCES map(id_map) )
16:25:43.049 [main] DEBUG org.springframework.jdbc.datasource.init.ScriptUtils -- Executed SQL script from class path resource [schema.sql] in 13 ms.
16:25:43.049 [main] DEBUG org.springframework.jdbc.datasource.init.ScriptUtils -- Executing SQL script from class path resource [data.sql]
16:25:43.052 [main] DEBUG org.springframework.jdbc.datasource.init.ScriptUtils -- 3 returned as update count for SQL: INSERT INTO map (ligne, colonne, chemin_image) VALUES (5, 9, 'images/map/gazon.png'), (6, 9, 'images/map/gazon.png'), (4, 8, 'images/map/gazon.png')
16:25:43.054 [main] DEBUG org.springframework.jdbc.datasource.init.ScriptUtils -- 5 returned as update count for SQL: INSERT INTO plante (nom, point_de_vie, attaque_par_seconde, degat_attaque, cout, soleil_par_seconde, effet, chemin_image) VALUES ('Tournesol', 100, 0.00, 0, 50, 25.00, 'normal', 'images/plante/tournesol.png'), ('Pois Tireur', 150, 1.50, 20, 100, 0.00, 'normal', 'images/plante/poistireur.png'), ('Double Pisto P', 150, 1.50, 40, 200, 0.00, 'normal', 'images/plante/doublepois.png'), ('Glace Pois', 120, 1.00, 10, 175, 0.00, 'slow low', 'images/plante/glacepois.png'), ('Noix', 300, 0.00, 0, 50, 0.00, 'normal', 'images/plante/noix.png')
16:25:43.055 [main] DEBUG org.springframework.jdbc.datasource.init.ScriptUtils -- 5 returned as update count for SQL: INSERT INTO zombie (nom, point_de_vie, attaque_par_seconde, degat_attaque, vitesse_de_deplacement, chemin_image, id_map) VALUES ('Zombie de base', 100, 0.80, 10, 0.50, 'images/zombie/zombie.png', 1), ('Zombie Cone', 200, 0.80, 10, 0.45, 'images/zombie/conehead.png', 1), ('Zombie Seau', 300, 0.70, 10, 0.40, 'images/zombie/buckethead.png', 1), ('Runner Zombie', 80, 1.00, 8, 0.70, 'images/zombie/runner.png', 2), ('Football Zombie', 250, 0.90, 12, 0.60, 'images/zombie/football.png', 3)
16:25:43.055 [main] DEBUG org.springframework.jdbc.datasource.init.ScriptUtils -- Executed SQL script from class path resource [data.sql] in 6 ms.
16:25:43.056 [main] DEBUG org.springframework.beans.factory.support.DefaultListableBeanFactory -- Autowiring by type from bean name 'jdbcTemplate' via factory method to bean named 'dataSource'
16:25:43.057 [main] DEBUG org.springframework.beans.factory.support.DefaultListableBeanFactory -- Autowiring by type from bean name 'planteDaoImpl' via constructor to bean named 'jdbcTemplate'
16:25:43.058 [main] DEBUG org.springframework.beans.factory.support.DefaultListableBeanFactory -- Creating shared instance of singleton bean 'transactionManager'
16:25:43.059 [main] DEBUG org.springframework.beans.factory.support.DefaultListableBeanFactory -- Autowiring by type from bean name 'transactionManager' via factory method to bean named 'dataSource'
16:25:43.061 [main] DEBUG org.springframework.test.context.cache -- Spring test ApplicationContext cache statistics: [DefaultContextCache@77e80a5e size = 3, maxSize = 32, parentContextCount = 0, hitCount = 13, missCount = 3, failureCount = 0]
16:25:43.064 [main] DEBUG org.springframework.test.context.cache -- Spring test ApplicationContext cache statistics: [DefaultContextCache@77e80a5e size = 3, maxSize = 32, parentContextCount = 0, hitCount = 14, missCount = 3, failureCount = 0]
16:25:43.067 [main] DEBUG org.springframework.test.context.support.DirtiesContextBeforeModesTestExecutionListener -- Before test method: class [PlanteDaoImplTest], method [testInsertGetUpdateDelete], class annotated with @DirtiesContext [false] with mode [null], method annotated with @DirtiesContext [false] with mode [null]
16:25:43.069 [main] DEBUG org.springframework.test.context.transaction.TransactionalTestExecutionListener -- Explicit transaction definition [PROPAGATION_REQUIRED,ISOLATION_DEFAULT] found for test class [com.epf.dao.PlanteDaoImplTest] and test method [testInsertGetUpdateDelete]
16:25:43.069 [main] DEBUG org.springframework.test.context.cache -- Spring test ApplicationContext cache statistics: [DefaultContextCache@77e80a5e size = 3, maxSize = 32, parentContextCount = 0, hitCount = 15, missCount = 3, failureCount = 0]
16:25:43.070 [main] DEBUG org.springframework.test.context.transaction.TransactionalTestExecutionListener -- No method-level @Rollback override: using default rollback [true] for test method [public void com.epf.dao.PlanteDaoImplTest.testInsertGetUpdateDelete()]
16:25:43.070 [main] DEBUG org.springframework.jdbc.datasource.DataSourceTransactionManager -- Creating new transaction with name [com.epf.dao.PlanteDaoImplTest.testInsertGetUpdateDelete]: PROPAGATION_REQUIRED,ISOLATION_DEFAULT
16:25:43.070 [main] DEBUG org.springframework.jdbc.datasource.DriverManagerDataSource -- Creating new JDBC DriverManager Connection to [jdbc:h2:mem:pvz;DB_CLOSE_DELAY=-1;DB_CLOSE_ON_EXIT=FALSE]
16:25:43.071 [main] DEBUG org.springframework.jdbc.datasource.DataSourceTransactionManager -- Acquired Connection [conn5: url=jdbc:h2:mem:pvz user=SA] for JDBC transaction
16:25:43.071 [main] DEBUG org.springframework.jdbc.datasource.DataSourceTransactionManager -- Switching JDBC Connection [conn5: url=jdbc:h2:mem:pvz user=SA] to manual commit
16:25:43.071 [main] DEBUG org.springframework.test.context.transaction.TransactionContext -- Began transaction (1) for test class [com.epf.dao.PlanteDaoImplTest]; test method [testInsertGetUpdateDelete]; transaction manager [org.springframework.jdbc.datasource.DataSourceTransactionManager@35f8a9d3]; rollback [true]
16:25:43.071 [main] DEBUG org.springframework.test.context.cache -- Spring test ApplicationContext cache statistics: [DefaultContextCache@77e80a5e size = 3, maxSize = 32, parentContextCount = 0, hitCount = 16, missCount = 3, failureCount = 0]
16:25:43.073 [main] DEBUG org.springframework.test.context.cache -- Spring test ApplicationContext cache statistics: [DefaultContextCache@77e80a5e size = 3, maxSize = 32, parentContextCount = 0, hitCount = 17, missCount = 3, failureCount = 0]
16:25:43.073 [main] DEBUG org.springframework.jdbc.core.JdbcTemplate -- Executing prepared SQL update
16:25:43.073 [main] DEBUG org.springframework.jdbc.core.JdbcTemplate -- Executing prepared SQL statement [INSERT INTO plante (nom, point_de_vie, attaque_par_seconde, degat_attaque, cout, soleil_par_seconde, effet, chemin_image) VALUES (?, ?, ?, ?, ?, ?, ?, ?)]
16:25:43.075 [main] DEBUG org.springframework.jdbc.core.JdbcTemplate -- Executing SQL query [SELECT * FROM plante]
16:25:43.075 [main] DEBUG org.springframework.jdbc.core.JdbcTemplate -- Executing prepared SQL query
16:25:43.075 [main] DEBUG org.springframework.jdbc.core.JdbcTemplate -- Executing prepared SQL statement [SELECT * FROM plante WHERE id_plante = ?]
16:25:43.079 [main] DEBUG org.springframework.jdbc.core.JdbcTemplate -- Executing prepared SQL update
16:25:43.079 [main] DEBUG org.springframework.jdbc.core.JdbcTemplate -- Executing prepared SQL statement [UPDATE plante SET nom=?, point_de_vie=?, attaque_par_seconde=?, degat_attaque=?, cout=?, soleil_par_seconde=?, effet=?, chemin_image=? WHERE id_plante=?]
16:25:43.080 [main] DEBUG org.springframework.jdbc.core.JdbcTemplate -- Executing prepared SQL query
16:25:43.081 [main] DEBUG org.springframework.jdbc.core.JdbcTemplate -- Executing prepared SQL statement [SELECT * FROM plante WHERE id_plante = ?]
16:25:43.081 [main] DEBUG org.springframework.jdbc.core.JdbcTemplate -- Executing prepared SQL update
16:25:43.082 [main] DEBUG org.springframework.jdbc.core.JdbcTemplate -- Executing prepared SQL statement [DELETE FROM plante WHERE id_plante=?]
16:25:43.083 [main] DEBUG org.springframework.jdbc.core.JdbcTemplate -- Executing prepared SQL query
16:25:43.083 [main] DEBUG org.springframework.jdbc.core.JdbcTemplate -- Executing prepared SQL statement [SELECT * FROM plante WHERE id_plante = ?]
16:25:43.084 [main] DEBUG org.springframework.test.context.cache -- Spring test ApplicationContext cache statistics: [DefaultContextCache@77e80a5e size = 3, maxSize = 32, parentContextCount = 0, hitCount = 18, missCount = 3, failureCount = 0]
16:25:43.084 [main] DEBUG org.springframework.test.context.cache -- Spring test ApplicationContext cache statistics: [DefaultContextCache@77e80a5e size = 3, maxSize = 32, parentContextCount = 0, hitCount = 19, missCount = 3, failureCount = 0]
16:25:43.085 [main] DEBUG org.springframework.jdbc.datasource.DataSourceTransactionManager -- Initiating transaction rollback
16:25:43.085 [main] DEBUG org.springframework.jdbc.datasource.DataSourceTransactionManager -- Rolling back JDBC transaction on Connection [conn5: url=jdbc:h2:mem:pvz user=SA]
16:25:43.086 [main] DEBUG org.springframework.jdbc.datasource.DataSourceTransactionManager -- Releasing JDBC Connection [conn5: url=jdbc:h2:mem:pvz user=SA] after transaction
16:25:43.086 [main] DEBUG org.springframework.test.context.transaction.TransactionContext -- Rolled back transaction (1) for test class [com.epf.dao.PlanteDaoImplTest]; test method [testInsertGetUpdateDelete]
16:25:43.086 [main] DEBUG org.springframework.test.context.support.DirtiesContextTestExecutionListener -- After test method: class [PlanteDaoImplTest], method [testInsertGetUpdateDelete], class annotated with @DirtiesContext [false] with mode [null], method annotated with @DirtiesContext [false] with mode [null]
]]></system-out>
  </testcase>
</testsuite>