<?xml version="1.0" encoding="UTF-8"?>
<testsuite xmlns:xsi="http://www.w3.org/2001/XMLSchema-instance" xsi:noNamespaceSchemaLocation="https://maven.apache.org/surefire/maven-surefire-plugin/xsd/surefire-test-report-3.0.xsd" version="3.0" name="com.epf.service.ZombieServiceImplTest" time="0.035" tests="6" errors="0" skipped="0" failures="0">
  <properties>
[...]
</properties>
  <testcase name="testGetById" classname="com.epf.service.ZombieServiceImplTest" time="0.02"/>
  <testcase name="testGetByMapId" classname="com.epf.service.ZombieServiceImplTest" time="0.002"/>
  <testcase name="testDelete" classname="com.epf.service.ZombieServiceImplTest" time="0.001"/>
  <testcase name="testGetAll" classname="com.epf.service.ZombieServiceImplTest" time="0.001"/>
  <testcase name="testInsert" classname="com.epf.service.ZombieServiceImplTest" time="0.003"/>
  <testcase name="testUpdate" classname="com.epf.service.ZombieServiceImplTest" time="0.002"/>
</testsuite>