<?xml version="1.0" encoding="UTF-8"?>
<testsuite xmlns:xsi="http://www.w3.org/2001/XMLSchema-instance" xsi:noNamespaceSchemaLocation="https://maven.apache.org/surefire/maven-surefire-plugin/xsd/surefire-test-report-3.0.xsd" version="3.0" name="com.epf.dao.ZombieDaoImplTest" time="0.091" tests="2" errors="0" skipped="0" failures="0">
  <properties>
[...]
</properties>
  <testcase name="testInsertGetUpdateDelete" classname="com.epf.dao.ZombieDaoImplTest" time="0.019">
    <system-out><![CDATA[05:56:15.703 [main] DEBUG org.springframework.test.context.support.DefaultTestContextBootstrapper -- Using ContextCustomizerFactory implementations for test class [ZombieDaoImplTest]: [MockServerContainerContextCustomizerFactory, DynamicPropertiesContextCustomizerFactory]
05:56:15.703 [main] DEBUG org.springframework.test.context.support.DefaultTestContextBootstrapper -- Using ContextCustomizers for test class [ZombieDaoImplTest]: []
05:56:15.704 [main] DEBUG org.springframework.test.context.util.TestContextSpringFactoriesUtils -- Skipping candidate TestExecutionListener [org.springframework.test.context.observation.MicrometerObservationRegistryTestExecutionListener] due to a missing dependency. Specify custom TestExecutionListener classes or make the default TestExecutionListener classes and their required dependencies available. Offending class: io.micrometer.context.ThreadLocalAccessor. MicrometerObservationRegistryTestExecutionListener requires io.micrometer:micrometer-observation:1.10.8 or higher and io.micrometer:context-propagation:1.0.3 or higher.
05:56:15.705 [main] DEBUG org.springframework.test.context.support.DefaultTestContextBootstrapper -- Using TestExecutionListeners for test class [ZombieDaoImplTest]: [ServletTestExecutionListener, DirtiesContextBeforeModesTestExecutionListener, ApplicationEventsTestExecutionListener, DependencyInjectionTestExecutionListener, DirtiesContextTestExecutionListener, TransactionalTestExecutionListener, SqlScriptsTestExecutionListener, EventPublishingTestExecutionListener]
05:56:15.705 [main] DEBUG org.springframework.test.context.support.DirtiesContextBeforeModesTestExecutionListener -- Before test class: class [ZombieDaoImplTest], class annotated with @DirtiesContext [false] with mode [null]
05:56:15.706 [main] DEBUG org.springframework.test.context.support.DependencyInjectionTestExecutionListener -- Performing dependency injection for test class com.epf.dao.ZombieDaoImplTest
05:56:15.706 [main] DEBUG org.springframework.test.context.support.AbstractGenericContextLoader -- Loading ApplicationContext for test class com.epf.dao.ZombieDaoImplTest
05:56:15.706 [main] DEBUG org.springframework.core.env.StandardEnvironment -- Activating profiles []
05:56:15.706 [main] DEBUG org.springframework.test.context.support.AnnotationConfigContextLoader -- Registering component classes: [com.epf.dao.ZombieDaoImpl, com.epf.config.DataSourceTestConfig]
05:56:15.710 [main] DEBUG org.springframework.context.support.GenericApplicationContext -- Refreshing org.springframework.context.support.GenericApplicationContext@442f92e6
05:56:15.711 [main] DEBUG org.springframework.beans.factory.support.DefaultListableBeanFactory -- Creating shared instance of singleton bean 'org.springframework.context.annotation.internalConfigurationAnnotationProcessor'
05:56:15.718 [main] DEBUG org.springframework.beans.factory.support.DefaultListableBeanFactory -- Creating shared instance of singleton bean 'org.springframework.context.event.internalEventListenerProcessor'
05:56:15.718 [main] DEBUG org.springframework.beans.factory.support.DefaultListableBeanFactory -- Creating shared instance of singleton bean 'org.springframework.context.event.internalEventListenerFactory'
05:56:15.719 [main] DEBUG org.springframework.beans.factory.support.DefaultListableBeanFactory -- Creating shared instance of singleton bean 'org.springframework.context.annotation.internalAutowiredAnnotationProcessor'
05:56:15.721 [main] DEBUG org.springframework.beans.factory.support.DefaultListableBeanFactory -- Creating shared instance of singleton bean 'org.springframework.context.annotation.internalCommonAnnotationProcessor'
05:56:15.722 [main] DEBUG org.springframework.beans.factory.support.DefaultListableBeanFactory -- Creating shared instance of singleton bean 'zombieDaoImpl'
05:56:15.723 [main] DEBUG org.springframework.beans.factory.support.DefaultListableBeanFactory -- Creating shared instance of singleton bean 'jdbcTemplate'
05:56:15.723 [main] DEBUG org.springframework.beans.factory.support.DefaultListableBeanFactory -- Creating shared instance of singleton bean 'dataSourceTestConfig'
05:56:15.724 [main] DEBUG org.springframework.beans.factory.support.DefaultListableBeanFactory -- Creating shared instance of singleton bean 'dataSource'
05:56:15.724 [main] DEBUG org.springframework.jdbc.datasource.DriverManagerDataSource -- Loaded JDBC driver: org.h2.Driver
05:56:15.725 [main] DEBUG org.springframework.jdbc.datasource.DriverManagerDataSource -- Creating new JDBC DriverManager Connection to [jdbc:h2:mem:pvz;DB_CLOSE_DELAY=-1;DB_CLOSE_ON_EXIT=FALSE]
05:56:15.726 [main] DEBUG org.springframework.jdbc.datasource.init.ScriptUtils -- Executing SQL script from class path resource [schema.sql]
05:56:15.730 [main] DEBUG org.springframework.jdbc.datasource.init.ScriptUtils -- 0 returned as update count for SQL: DROP TABLE IF EXISTS zombie
05:56:15.730 [main] DEBUG org.springframework.jdbc.datasource.init.ScriptUtils -- 0 returned as update count for SQL: DROP TABLE IF EXISTS plante
05:56:15.731 [main] DEBUG org.springframework.jdbc.datasource.init.ScriptUtils -- 0 returned as update count for SQL: DROP TABLE IF EXISTS map
05:56:15.733 [main] DEBUG org.springframework.jdbc.datasource.init.ScriptUtils -- 0 returned as update count for SQL: CREATE TABLE map ( id_map INT AUTO_INCREMENT PRIMARY KEY, ligne INT NOT NULL, colonne INT NOT NULL, chemin_image VARCHAR(255) DEFAULT NULL )
05:56:15.735 [main] DEBUG org.springframework.jdbc.datasource.init.ScriptUtils -- 0 returned as update count for SQL: CREATE TABLE plante ( id_plante INT AUTO_INCREMENT PRIMARY KEY, nom VARCHAR(255) NOT NULL, point_de_vie INT NOT NULL, attaque_par_seconde DECIMAL(5,2) DEFAULT 0.00, degat_attaque INT DEFAULT 0, cout INT NOT NULL, soleil_par_seconde DECIMAL(5,2) DEFAULT 0.00, effet VARCHAR(50) DEFAULT 'normal', chemin_image VARCHAR(255) DEFAULT NULL )
05:56:15.738 [main] DEBUG org.springframework.jdbc.datasource.init.ScriptUtils -- 0 returned as update count for SQL: CREATE TABLE zombie ( id_zombie INT AUTO_INCREMENT PRIMARY KEY, nom VARCHAR(255) NOT NULL, point_de_vie INT NOT NULL, attaque_par_seconde DECIMAL(5,2) DEFAULT 0.00, degat_attaque INT NOT NULL, vitesse_de_deplacement DECIMAL(5,2) DEFAULT 0.00, chemin_image VARCHAR(255) DEFAULT NULL, id_map INT, CONSTRAINT fk_zombie_map FOREIGN KEY (id_map) REFERENCES map(id_map) )
05:56:15.739 [main] DEBUG org.springframework.jdbc.datasource.init.ScriptUtils -- Executed SQL script from class path resource [schema.sql] in 12 ms.
05:56:15.739 [main] DEBUG org.springframework.jdbc.datasource.init.ScriptUtils -- Executing SQL script from class path resource [data.sql]
05:56:15.742 [main] DEBUG org.springframework.jdbc.datasource.init.ScriptUtils -- 3 returned as update count for SQL: INSERT INTO map (ligne, colonne, chemin_image) VALUES (5, 9, 'images/map/gazon.png'), (6, 9, 'images/map/gazon.png'), (4, 8, 'images/map/gazon.png')
05:56:15.744 [main] DEBUG org.springframework.jdbc.datasource.init.ScriptUtils -- 5 returned as update count for SQL: INSERT INTO plante (nom, point_de_vie, attaque_par_seconde, degat_attaque, cout, soleil_par_seconde, effet, chemin_image) VALUES ('Tournesol', 100, 0.00, 0, 50, 25.00, 'normal', 'images/plante/tournesol.png'), ('Pois Tireur', 150, 1.50, 20, 100, 0.00, 'normal', 'images/plante/poistireur.png'), ('Double Pisto P', 150, 1.50, 40, 200, 0.00, 'normal', 'images/plante/doublepois.png'), ('Glace Pois', 120, 1.00, 10, 175, 0.00, 'slow low', 'images/plante/glacepois.png'), ('Noix', 300, 0.00, 0, 50, 0.00, 'normal', 'images/plante/noix.png')
05:56:15.747 [main] DEBUG org.springframework.jdbc.datasource.init.ScriptUtils -- 5 returned as update count for SQL: INSERT INTO zombie (nom, point_de_vie, attaque_par_seconde, degat_attaque, vitesse_de_deplacement, chemin_image, id_map) VALUES ('Zombie de base', 100, 0.80, 10, 0.50, 'images/zombie/zombie.png', 1), ('Zombie Cone', 200, 0.80, 10, 0.45, 'images/zombie/conehead.png', 1), ('Zombie Seau', 300, 0.70, 10, 0.40, 'images/zombie/buckethead.png', 1), ('Runner Zombie', 80, 1.00, 8, 0.70, 'images/zombie/runner.png', 2), ('Football Zombie', 250, 0.90, 12, 0.60, 'images/zombie/football.png', 3)
05:56:15.747 [main] DEBUG org.springframework.jdbc.datasource.init.ScriptUtils -- Executed SQL script from class path resource [data.sql] in 8 ms.
05:56:15.747 [main] DEBUG org.springframework.beans.factory.support.DefaultListableBeanFactory -- Autowiring by type from bean name 'jdbcTemplate' via factory method to bean named 'dataSource'
05:56:15.749 [main] DEBUG org.springframework.beans.factory.support.DefaultListableBeanFactory -- Autowiring by type from bean name 'zombieDaoImpl' via constructor to bean named 'jdbcTemplate'
05:56:15.749 [main] DEBUG org.springframework.beans.factory.support.DefaultListableBeanFactory -- Creating shared instance of singleton bean 'transactionManager'
05:56:15.751 [main] DEBUG org.springframework.beans.factory.support.DefaultListableBeanFactory -- Autowiring by type from bean name 'transactionManager' via factory method to bean named 'dataSource'
05:56:15.753 [main] DEBUG org.springframework.test.context.cache -- Spring test ApplicationContext cache statistics: [DefaultContextCache@47dbb1e2 size = 4, maxSize = 32, parentContextCount = 0, hitCount = 20, missCount = 4, failureCount = 0]
05:56:15.754 [main] DEBUG org.springframework.test.context.cache -- Spring test ApplicationContext cache statistics: [DefaultContextCache@47dbb1e2 size = 4, maxSize = 32, parentContextCount = 0, hitCount = 21, missCount = 4, failureCount = 0]
05:56:15.757 [main] DEBUG org.springframework.test.context.support.DirtiesContextBeforeModesTestExecutionListener -- Before test method: class [ZombieDaoImplTest], method [testInsertGetUpdateDelete], class annotated with @DirtiesContext [false] with mode [null], method annotated with @DirtiesContext [false] with mode [null]
05:56:15.757 [main] DEBUG org.springframework.test.context.transaction.TransactionalTestExecutionListener -- Explicit transaction definition [PROPAGATION_REQUIRED,ISOLATION_DEFAULT] found for test class [com.epf.dao.ZombieDaoImplTest] and test method [testInsertGetUpdateDelete]
05:56:15.759 [main] DEBUG org.springframework.test.context.cache -- Spring test ApplicationContext cache statistics: [DefaultContextCache@47dbb1e2 size = 4, maxSize = 32, parentContextCount = 0, hitCount = 22, missCount = 4, failureCount = 0]
05:56:15.759 [main] DEBUG org.springframework.test.context.transaction.TransactionalTestExecutionListener -- No method-level @Rollback override: using default rollback [true] for test method [public void com.epf.dao.ZombieDaoImplTest.testInsertGetUpdateDelete()]
05:56:15.759 [main] DEBUG org.springframework.jdbc.datasource.DataSourceTransactionManager -- Creating new transaction with name [com.epf.dao.ZombieDaoImplTest.testInsertGetUpdateDelete]: PROPAGATION_REQUIRED,ISOLATION_DEFAULT
05:56:15.759 [main] DEBUG org.springframework.jdbc.datasource.DriverManagerDataSource -- Creating new JDBC DriverManager Connection to [jdbc:h2:mem:pvz;DB_CLOSE_DELAY=-1;DB_CLOSE_ON_EXIT=FALSE]
05:56:15.760 [main] DEBUG org.springframework.jdbc.datasource.DataSourceTransactionManager -- Acquired Connection [conn5: url=jdbc:h2:mem:pvz user=SA] for JDBC transaction
05:56:15.761 [main] DEBUG org.springframework.jdbc.datasource.DataSourceTransactionManager -- Switching JDBC Connection [conn5: url=jdbc:h2:mem:pvz user=SA] to manual commit
05:56:15.761 [main] DEBUG org.springframework.test.context.transaction.TransactionContext -- Began transaction (1) for test class [com.epf.dao.ZombieDaoImplTest]; test method [testInsertGetUpdateDelete]; transaction manager [org.springframework.jdbc.datasource.DataSourceTransactionManager@58b67519]; rollback [true]
05:56:15.761 [main] DEBUG org.springframework.test.context.cache -- Spring test ApplicationContext cache statistics: [DefaultContextCache@47dbb1e2 size = 4, maxSize = 32, parentContextCount = 0, hitCount = 23, missCount = 4, failureCount = 0]
05:56:15.761 [main] DEBUG org.springframework.test.context.cache -- Spring test ApplicationContext cache statistics: [DefaultContextCache@47dbb1e2 size = 4, maxSize = 32, parentContextCount = 0, hitCount = 24, missCount = 4, failureCount = 0]
05:56:15.763 [main] DEBUG org.springframework.jdbc.core.JdbcTemplate -- Executing prepared SQL update
05:56:15.763 [main] DEBUG org.springframework.jdbc.core.JdbcTemplate -- Executing prepared SQL statement [INSERT INTO zombie (nom, point_de_vie, attaque_par_seconde, degat_attaque, vitesse_de_deplacement, chemin_image, id_map) VALUES (?, ?, ?, ?, ?, ?, ?)]
05:56:15.764 [main] DEBUG org.springframework.jdbc.core.JdbcTemplate -- Executing SQL query [SELECT * FROM zombie]
05:56:15.766 [main] DEBUG org.springframework.jdbc.core.JdbcTemplate -- Executing prepared SQL query
05:56:15.766 [main] DEBUG org.springframework.jdbc.core.JdbcTemplate -- Executing prepared SQL statement [SELECT * FROM zombie WHERE id_zombie = ?]
05:56:15.767 [main] DEBUG org.springframework.jdbc.core.JdbcTemplate -- Executing prepared SQL update
05:56:15.768 [main] DEBUG org.springframework.jdbc.core.JdbcTemplate -- Executing prepared SQL statement [UPDATE zombie SET nom=?, point_de_vie=?, attaque_par_seconde=?, degat_attaque=?, vitesse_de_deplacement=?, chemin_image=?, id_map=? WHERE id_zombie=?]
05:56:15.769 [main] DEBUG org.springframework.jdbc.core.JdbcTemplate -- Executing prepared SQL query
05:56:15.769 [main] DEBUG org.springframework.jdbc.core.JdbcTemplate -- Executing prepared SQL statement [SELECT * FROM zombie WHERE id_zombie = ?]
05:56:15.769 [main] DEBUG org.springframework.jdbc.core.JdbcTemplate -- Executing prepared SQL update
05:56:15.769 [main] DEBUG org.springframework.jdbc.core.JdbcTemplate -- Executing prepared SQL statement [DELETE FROM zombie WHERE id_zombie=?]
05:56:15.770 [main] DEBUG org.springframework.jdbc.core.JdbcTemplate -- Executing prepared SQL query
05:56:15.770 [main] DEBUG org.springframework.jdbc.core.JdbcTemplate -- Executing prepared SQL statement [SELECT * FROM zombie WHERE id_zombie = ?]
05:56:15.771 [main] DEBUG org.springframework.test.context.cache -- Spring test ApplicationContext cache statistics: [DefaultContextCache@47dbb1e2 size = 4, maxSize = 32, parentContextCount = 0, hitCount = 25, missCount = 4, failureCount = 0]
05:56:15.771 [main] DEBUG org.springframework.test.context.cache -- Spring test ApplicationContext cache statistics: [DefaultContextCache@47dbb1e2 size = 4, maxSize = 32, parentContextCount = 0, hitCount = 26, missCount = 4, failureCount = 0]
05:56:15.772 [main] DEBUG org.springframework.jdbc.datasource.DataSourceTransactionManager -- Initiating transaction rollback
05:56:15.772 [main] DEBUG org.springframework.jdbc.datasource.DataSourceTransactionManager -- Rolling back JDBC transaction on Connection [conn5: url=jdbc:h2:mem:pvz user=SA]
05:56:15.772 [main] DEBUG org.springframework.jdbc.datasource.DataSourceTransactionManager -- Releasing JDBC Connection [conn5: url=jdbc:h2:mem:pvz user=SA] after transaction
05:56:15.772 [main] DEBUG org.springframework.test.context.transaction.TransactionContext -- Rolled back transaction (1) for test class [com.epf.dao.ZombieDaoImplTest]; test method [testInsertGetUpdateDelete]
05:56:15.774 [main] DEBUG org.springframework.test.context.support.DirtiesContextTestExecutionListener -- After test method: class [ZombieDaoImplTest], method [testInsertGetUpdateDelete], class annotated with @DirtiesContext [false] with mode [null], method annotated with @DirtiesContext [false] with mode [null]
]]></system-out>
  </testcase>
  <testcase name="testGetByMapId" classname="com.epf.dao.ZombieDaoImplTest" time="0.01">
    <system-out><![CDATA[05:56:15.776 [main] DEBUG org.springframework.test.context.support.DependencyInjectionTestExecutionListener -- Performing dependency injection for test class com.epf.dao.ZombieDaoImplTest
05:56:15.776 [main] DEBUG org.springframework.test.context.cache -- Spring test ApplicationContext cache statistics: [DefaultContextCache@47dbb1e2 size = 4, maxSize = 32, parentContextCount = 0, hitCount = 27, missCount = 4, failureCount = 0]
05:56:15.778 [main] DEBUG org.springframework.test.context.cache -- Spring test ApplicationContext cache statistics: [DefaultContextCache@47dbb1e2 size = 4, maxSize = 32, parentContextCount = 0, hitCount = 28, missCount = 4, failureCount = 0]
05:56:15.778 [main] DEBUG org.springframework.test.context.support.DirtiesContextBeforeModesTestExecutionListener -- Before test method: class [ZombieDaoImplTest], method [testGetByMapId], class annotated with @DirtiesContext [false] with mode [null], method annotated with @DirtiesContext [false] with mode [null]
05:56:15.780 [main] DEBUG org.springframework.test.context.transaction.TransactionalTestExecutionListener -- Explicit transaction definition [PROPAGATION_REQUIRED,ISOLATION_DEFAULT] found for test class [com.epf.dao.ZombieDaoImplTest] and test method [testGetByMapId]
05:56:15.780 [main] DEBUG org.springframework.test.context.cache -- Spring test ApplicationContext cache statistics: [DefaultContextCache@47dbb1e2 size = 4, maxSize = 32, parentContextCount = 0, hitCount = 29, missCount = 4, failureCount = 0]
05:56:15.780 [main] DEBUG org.springframework.test.context.transaction.TransactionalTestExecutionListener -- No method-level @Rollback override: using default rollback [true] for test method [public void com.epf.dao.ZombieDaoImplTest.testGetByMapId()]
05:56:15.780 [main] DEBUG org.springframework.jdbc.datasource.DataSourceTransactionManager -- Creating new transaction with name [com.epf.dao.ZombieDaoImplTest.testGetByMapId]: PROPAGATION_REQUIRED,ISOLATION_DEFAULT
05:56:15.781 [main] DEBUG org.springframework.jdbc.datasource.DriverManagerDataSource -- Creating new JDBC DriverManager Connection to [jdbc:h2:mem:pvz;DB_CLOSE_DELAY=-1;DB_CLOSE_ON_EXIT=FALSE]
05:56:15.782 [main] DEBUG org.springframework.jdbc.datasource.DataSourceTransactionManager -- Acquired Connection [conn6: url=jdbc:h2:mem:pvz user=SA] for JDBC transaction
05:56:15.782 [main] DEBUG org.springframework.jdbc.datasource.DataSourceTransactionManager -- Switching JDBC Connection [conn6: url=jdbc:h2:mem:pvz user=SA] to manual commit
05:56:15.782 [main] DEBUG org.springframework.test.context.transaction.TransactionContext -- Began transaction (1) for test class [com.epf.dao.ZombieDaoImplTest]; test method [testGetByMapId]; transaction manager [org.springframework.jdbc.datasource.DataSourceTransactionManager@58b67519]; rollback [true]
05:56:15.783 [main] DEBUG org.springframework.test.context.cache -- Spring test ApplicationContext cache statistics: [DefaultContextCache@47dbb1e2 size = 4, maxSize = 32, parentContextCount = 0, hitCount = 30, missCount = 4, failureCount = 0]
05:56:15.784 [main] DEBUG org.springframework.test.context.cache -- Spring test ApplicationContext cache statistics: [DefaultContextCache@47dbb1e2 size = 4, maxSize = 32, parentContextCount = 0, hitCount = 31, missCount = 4, failureCount = 0]
05:56:15.784 [main] DEBUG org.springframework.jdbc.core.JdbcTemplate -- Executing prepared SQL query
05:56:15.784 [main] DEBUG org.springframework.jdbc.core.JdbcTemplate -- Executing prepared SQL statement [SELECT * FROM zombie WHERE id_map = ?]
05:56:15.786 [main] DEBUG org.springframework.test.context.cache -- Spring test ApplicationContext cache statistics: [DefaultContextCache@47dbb1e2 size = 4, maxSize = 32, parentContextCount = 0, hitCount = 32, missCount = 4, failureCount = 0]
05:56:15.786 [main] DEBUG org.springframework.test.context.cache -- Spring test ApplicationContext cache statistics: [DefaultContextCache@47dbb1e2 size = 4, maxSize = 32, parentContextCount = 0, hitCount = 33, missCount = 4, failureCount = 0]
05:56:15.787 [main] DEBUG org.springframework.jdbc.datasource.DataSourceTransactionManager -- Initiating transaction rollback
05:56:15.787 [main] DEBUG org.springframework.jdbc.datasource.DataSourceTransactionManager -- Rolling back JDBC transaction on Connection [conn6: url=jdbc:h2:mem:pvz user=SA]
05:56:15.787 [main] DEBUG org.springframework.jdbc.datasource.DataSourceTransactionManager -- Releasing JDBC Connection [conn6: url=jdbc:h2:mem:pvz user=SA] after transaction
05:56:15.787 [main] DEBUG org.springframework.test.context.transaction.TransactionContext -- Rolled back transaction (1) for test class [com.epf.dao.ZombieDaoImplTest]; test method [testGetByMapId]
05:56:15.788 [main] DEBUG org.springframework.test.context.support.DirtiesContextTestExecutionListener -- After test method: class [ZombieDaoImplTest], method [testGetByMapId], class annotated with @DirtiesContext [false] with mode [null], method annotated with @DirtiesContext [false] with mode [null]
]]></system-out>
  </testcase>
</testsuite>