<?xml version="1.0" encoding="UTF-8"?>
<testsuite xmlns:xsi="http://www.w3.org/2001/XMLSchema-instance" xsi:noNamespaceSchemaLocation="https://maven.apache.org/surefire/maven-surefire-plugin/xsd/surefire-test-report-3.0.xsd" version="3.0" name="com.epf.dao.ZombieDaoImplTest" time="0.146" tests="2" errors="0" skipped="0" failures="0">
  <properties>
[...]
</properties>
  <testcase name="testInsertGetUpdateDelete" classname="com.epf.dao.ZombieDaoImplTest" time="0.031">
    <system-out><![CDATA[22:01:29.193 [main] DEBUG org.springframework.test.context.support.DefaultTestContextBootstrapper -- Using ContextCustomizerFactory implementations for test class [ZombieDaoImplTest]: [MockServerContainerContextCustomizerFactory, DynamicPropertiesContextCustomizerFactory]
22:01:29.194 [main] DEBUG org.springframework.test.context.support.DefaultTestContextBootstrapper -- Using ContextCustomizers for test class [ZombieDaoImplTest]: []
22:01:29.196 [main] DEBUG org.springframework.test.context.util.TestContextSpringFactoriesUtils -- Skipping candidate TestExecutionListener [org.springframework.test.context.observation.MicrometerObservationRegistryTestExecutionListener] due to a missing dependency. Specify custom TestExecutionListener classes or make the default TestExecutionListener classes and their required dependencies available. Offending class: io.micrometer.context.ThreadLocalAccessor. MicrometerObservationRegistryTestExecutionListener requires io.micrometer:micrometer-observation:1.10.8 or higher and io.micrometer:context-propagation:1.0.3 or higher.
22:01:29.197 [main] DEBUG org.springframework.test.context.support.DefaultTestContextBootstrapper -- Using TestExecutionListeners for test class [ZombieDaoImplTest]: [ServletTestExecutionListener, DirtiesContextBeforeModesTestExecutionListener, ApplicationEventsTestExecutionListener, DependencyInjectionTestExecutionListener, DirtiesContextTestExecutionListener, TransactionalTestExecutionListener, SqlScriptsTestExecutionListener, EventPublishingTestExecutionListener]
22:01:29.198 [main] DEBUG org.springframework.test.context.support.DirtiesContextBeforeModesTestExecutionListener -- Before test class: class [ZombieDaoImplTest], class annotated with @DirtiesContext [false] with mode [null]
22:01:29.200 [main] DEBUG org.springframework.test.context.support.DependencyInjectionTestExecutionListener -- Performing dependency injection for test class com.epf.dao.ZombieDaoImplTest
22:01:29.200 [main] DEBUG org.springframework.test.context.support.AbstractGenericContextLoader -- Loading ApplicationContext for test class com.epf.dao.ZombieDaoImplTest
22:01:29.201 [main] DEBUG org.springframework.core.env.StandardEnvironment -- Activating profiles []
22:01:29.201 [main] DEBUG org.springframework.test.context.support.AnnotationConfigContextLoader -- Registering component classes: [com.epf.dao.ZombieDaoImpl, com.epf.config.DataSourceTestConfig]
22:01:29.208 [main] DEBUG org.springframework.context.support.GenericApplicationContext -- Refreshing org.springframework.context.support.GenericApplicationContext@2add4d24
22:01:29.209 [main] DEBUG org.springframework.beans.factory.support.DefaultListableBeanFactory -- Creating shared instance of singleton bean 'org.springframework.context.annotation.internalConfigurationAnnotationProcessor'
22:01:29.223 [main] DEBUG org.springframework.beans.factory.support.DefaultListableBeanFactory -- Creating shared instance of singleton bean 'org.springframework.context.event.internalEventListenerProcessor'
22:01:29.224 [main] DEBUG org.springframework.beans.factory.support.DefaultListableBeanFactory -- Creating shared instance of singleton bean 'org.springframework.context.event.internalEventListenerFactory'
22:01:29.226 [main] DEBUG org.springframework.beans.factory.support.DefaultListableBeanFactory -- Creating shared instance of singleton bean 'org.springframework.context.annotation.internalAutowiredAnnotationProcessor'
22:01:29.228 [main] DEBUG org.springframework.beans.factory.support.DefaultListableBeanFactory -- Creating shared instance of singleton bean 'org.springframework.context.annotation.internalCommonAnnotationProcessor'
22:01:29.231 [main] DEBUG org.springframework.beans.factory.support.DefaultListableBeanFactory -- Creating shared instance of singleton bean 'zombieDaoImpl'
22:01:29.232 [main] DEBUG org.springframework.beans.factory.support.DefaultListableBeanFactory -- Creating shared instance of singleton bean 'jdbcTemplate'
22:01:29.232 [main] DEBUG org.springframework.beans.factory.support.DefaultListableBeanFactory -- Creating shared instance of singleton bean 'dataSourceTestConfig'
22:01:29.233 [main] DEBUG org.springframework.beans.factory.support.DefaultListableBeanFactory -- Creating shared instance of singleton bean 'dataSource'
22:01:29.235 [main] DEBUG org.springframework.jdbc.datasource.DriverManagerDataSource -- Loaded JDBC driver: org.h2.Driver
22:01:29.236 [main] DEBUG org.springframework.jdbc.datasource.DriverManagerDataSource -- Creating new JDBC DriverManager Connection to [jdbc:h2:mem:pvz;DB_CLOSE_DELAY=-1;DB_CLOSE_ON_EXIT=FALSE]
22:01:29.237 [main] DEBUG org.springframework.jdbc.datasource.init.ScriptUtils -- Executing SQL script from class path resource [schema.sql]
22:01:29.241 [main] DEBUG org.springframework.jdbc.datasource.init.ScriptUtils -- 0 returned as update count for SQL: DROP TABLE IF EXISTS zombie
22:01:29.242 [main] DEBUG org.springframework.jdbc.datasource.init.ScriptUtils -- 0 returned as update count for SQL: DROP TABLE IF EXISTS plante
22:01:29.245 [main] DEBUG org.springframework.jdbc.datasource.init.ScriptUtils -- 0 returned as update count for SQL: DROP TABLE IF EXISTS map
22:01:29.248 [main] DEBUG org.springframework.jdbc.datasource.init.ScriptUtils -- 0 returned as update count for SQL: CREATE TABLE map ( id_map INT AUTO_INCREMENT PRIMARY KEY, ligne INT NOT NULL, colonne INT NOT NULL, chemin_image VARCHAR(255) DEFAULT NULL )
22:01:29.250 [main] DEBUG org.springframework.jdbc.datasource.init.ScriptUtils -- 0 returned as update count for SQL: CREATE TABLE plante ( id_plante INT AUTO_INCREMENT PRIMARY KEY, nom VARCHAR(255) NOT NULL, point_de_vie INT NOT NULL, attaque_par_seconde DECIMAL(5,2) DEFAULT 0.00, degat_attaque INT DEFAULT 0, cout INT NOT NULL, soleil_par_seconde DECIMAL(5,2) DEFAULT 0.00, effet VARCHAR(50) DEFAULT 'normal', chemin_image VARCHAR(255) DEFAULT NULL )
22:01:29.257 [main] DEBUG org.springframework.jdbc.datasource.init.ScriptUtils -- 0 returned as update count for SQL: CREATE TABLE zombie ( id_zombie INT AUTO_INCREMENT PRIMARY KEY, nom VARCHAR(255) NOT NULL, point_de_vie INT NOT NULL, attaque_par_seconde DECIMAL(5,2) DEFAULT 0.00, degat_attaque INT NOT NULL, vitesse_de_deplacement DECIMAL(5,2) DEFAULT 0.00, chemin_image VARCHAR(255) DEFAULT NULL, id_map INT, CONSTRAINT fk_zombie_map FOREIGN KEY (id_map) REFERENCES map(id_map) )
22:01:29.257 [main] DEBUG org.springframework.jdbc.datasource.init.ScriptUtils -- Executed SQL script from class path resource [schema.sql] in 19 ms.
22:01:29.257 [main] DEBUG org.springframework.jdbc.datasource.init.ScriptUtils -- Executing SQL script from class path resource [data.sql]
22:01:29.262 [main] DEBUG org.springframework.jdbc.datasource.init.ScriptUtils -- 3 returned as update count for SQL: INSERT INTO map (ligne, colonne, chemin_image) VALUES (5, 9, 'images/map/gazon.png'), (6, 9, 'images/map/gazon.png'), (4, 8, 'images/map/gazon.png')
22:01:29.266 [main] DEBUG org.springframework.jdbc.datasource.init.ScriptUtils -- 5 returned as update count for SQL: INSERT INTO plante (nom, point_de_vie, attaque_par_seconde, degat_attaque, cout, soleil_par_seconde, effet, chemin_image) VALUES ('Tournesol', 100, 0.00, 0, 50, 25.00, 'normal', 'images/plante/tournesol.png'), ('Pois Tireur', 150, 1.50, 20, 100, 0.00, 'normal', 'images/plante/poistireur.png'), ('Double Pisto P', 150, 1.50, 40, 200, 0.00, 'normal', 'images/plante/doublepois.png'), ('Glace Pois', 120, 1.00, 10, 175, 0.00, 'slow low', 'images/plante/glacepois.png'), ('Noix', 300, 0.00, 0, 50, 0.00, 'normal', 'images/plante/noix.png')
22:01:29.269 [main] DEBUG org.springframework.jdbc.datasource.init.ScriptUtils -- 5 returned as update count for SQL: INSERT INTO zombie (nom, point_de_vie, attaque_par_seconde, degat_attaque, vitesse_de_deplacement, chemin_image, id_map) VALUES ('Zombie de base', 100, 0.80, 10, 0.50, 'images/zombie/zombie.png', 1), ('Zombie Cone', 200, 0.80, 10, 0.45, 'images/zombie/conehead.png', 1), ('Zombie Seau', 300, 0.70, 10, 0.40, 'images/zombie/buckethead.png', 1), ('Runner Zombie', 80, 1.00, 8, 0.70, 'images/zombie/runner.png', 2), ('Football Zombie', 250, 0.90, 12, 0.60, 'images/zombie/football.png', 3)
22:01:29.269 [main] DEBUG org.springframework.jdbc.datasource.init.ScriptUtils -- Executed SQL script from class path resource [data.sql] in 12 ms.
22:01:29.270 [main] DEBUG org.springframework.beans.factory.support.DefaultListableBeanFactory -- Autowiring by type from bean name 'jdbcTemplate' via factory method to bean named 'dataSource'
22:01:29.272 [main] DEBUG org.springframework.beans.factory.support.DefaultListableBeanFactory -- Autowiring by type from bean name 'zombieDaoImpl' via constructor to bean named 'jdbcTemplate'
22:01:29.274 [main] DEBUG org.springframework.beans.factory.support.DefaultListableBeanFactory -- Creating shared instance of singleton bean 'transactionManager'
22:01:29.274 [main] DEBUG org.springframework.beans.factory.support.DefaultListableBeanFactory -- Autowiring by type from bean name 'transactionManager' via factory method to bean named 'dataSource'
22:01:29.276 [main] DEBUG org.springframework.test.context.cache -- Spring test ApplicationContext cache statistics: [DefaultContextCache@65a4798f size = 4, maxSize = 32, parentContextCount = 0, hitCount = 20, missCount = 4, failureCount = 0]
22:01:29.280 [main] DEBUG org.springframework.test.context.cache -- Spring test ApplicationContext cache statistics: [DefaultContextCache@65a4798f size = 4, maxSize = 32, parentContextCount = 0, hitCount = 21, missCount = 4, failureCount = 0]
22:01:29.284 [main] DEBUG org.springframework.test.context.support.DirtiesContextBeforeModesTestExecutionListener -- Before test method: class [ZombieDaoImplTest], method [testInsertGetUpdateDelete], class annotated with @DirtiesContext [false] with mode [null], method annotated with @DirtiesContext [false] with mode [null]
22:01:29.286 [main] DEBUG org.springframework.test.context.transaction.TransactionalTestExecutionListener -- Explicit transaction definition [PROPAGATION_REQUIRED,ISOLATION_DEFAULT] found for test class [com.epf.dao.ZombieDaoImplTest] and test method [testInsertGetUpdateDelete]
22:01:29.286 [main] DEBUG org.springframework.test.context.cache -- Spring test ApplicationContext cache statistics: [DefaultContextCache@65a4798f size = 4, maxSize = 32, parentContextCount = 0, hitCount = 22, missCount = 4, failureCount = 0]
22:01:29.287 [main] DEBUG org.springframework.test.context.transaction.TransactionalTestExecutionListener -- No method-level @Rollback override: using default rollback [true] for test method [public void com.epf.dao.ZombieDaoImplTest.testInsertGetUpdateDelete()]
22:01:29.287 [main] DEBUG org.springframework.jdbc.datasource.DataSourceTransactionManager -- Creating new transaction with name [com.epf.dao.ZombieDaoImplTest.testInsertGetUpdateDelete]: PROPAGATION_REQUIRED,ISOLATION_DEFAULT
22:01:29.288 [main] DEBUG org.springframework.jdbc.datasource.DriverManagerDataSource -- Creating new JDBC DriverManager Connection to [jdbc:h2:mem:pvz;DB_CLOSE_DELAY=-1;DB_CLOSE_ON_EXIT=FALSE]
22:01:29.290 [main] DEBUG org.springframework.jdbc.datasource.DataSourceTransactionManager -- Acquired Connection [conn5: url=jdbc:h2:mem:pvz user=SA] for JDBC transaction
22:01:29.290 [main] DEBUG org.springframework.jdbc.datasource.DataSourceTransactionManager -- Switching JDBC Connection [conn5: url=jdbc:h2:mem:pvz user=SA] to manual commit
22:01:29.290 [main] DEBUG org.springframework.test.context.transaction.TransactionContext -- Began transaction (1) for test class [com.epf.dao.ZombieDaoImplTest]; test method [testInsertGetUpdateDelete]; transaction manager [org.springframework.jdbc.datasource.DataSourceTransactionManager@3ac8cf9b]; rollback [true]
22:01:29.291 [main] DEBUG org.springframework.test.context.cache -- Spring test ApplicationContext cache statistics: [DefaultContextCache@65a4798f size = 4, maxSize = 32, parentContextCount = 0, hitCount = 23, missCount = 4, failureCount = 0]
22:01:29.292 [main] DEBUG org.springframework.test.context.cache -- Spring test ApplicationContext cache statistics: [DefaultContextCache@65a4798f size = 4, maxSize = 32, parentContextCount = 0, hitCount = 24, missCount = 4, failureCount = 0]
22:01:29.294 [main] DEBUG org.springframework.jdbc.core.JdbcTemplate -- Executing prepared SQL update
22:01:29.294 [main] DEBUG org.springframework.jdbc.core.JdbcTemplate -- Executing prepared SQL statement [INSERT INTO zombie (nom, point_de_vie, attaque_par_seconde, degat_attaque, vitesse_de_deplacement, chemin_image, id_map) VALUES (?, ?, ?, ?, ?, ?, ?)]
22:01:29.296 [main] DEBUG org.springframework.jdbc.core.JdbcTemplate -- Executing SQL query [SELECT * FROM zombie]
22:01:29.298 [main] DEBUG org.springframework.jdbc.core.JdbcTemplate -- Executing prepared SQL query
22:01:29.298 [main] DEBUG org.springframework.jdbc.core.JdbcTemplate -- Executing prepared SQL statement [SELECT * FROM zombie WHERE id_zombie = ?]
22:01:29.300 [main] DEBUG org.springframework.jdbc.core.JdbcTemplate -- Executing prepared SQL update
22:01:29.301 [main] DEBUG org.springframework.jdbc.core.JdbcTemplate -- Executing prepared SQL statement [UPDATE zombie SET nom=?, point_de_vie=?, attaque_par_seconde=?, degat_attaque=?, vitesse_de_deplacement=?, chemin_image=?, id_map=? WHERE id_zombie=?]
22:01:29.302 [main] DEBUG org.springframework.jdbc.core.JdbcTemplate -- Executing prepared SQL query
22:01:29.303 [main] DEBUG org.springframework.jdbc.core.JdbcTemplate -- Executing prepared SQL statement [SELECT * FROM zombie WHERE id_zombie = ?]
22:01:29.304 [main] DEBUG org.springframework.jdbc.core.JdbcTemplate -- Executing prepared SQL update
22:01:29.304 [main] DEBUG org.springframework.jdbc.core.JdbcTemplate -- Executing prepared SQL statement [DELETE FROM zombie WHERE id_zombie=?]
22:01:29.305 [main] DEBUG org.springframework.jdbc.core.JdbcTemplate -- Executing prepared SQL query
22:01:29.306 [main] DEBUG org.springframework.jdbc.core.JdbcTemplate -- Executing prepared SQL statement [SELECT * FROM zombie WHERE id_zombie = ?]
22:01:29.307 [main] DEBUG org.springframework.test.context.cache -- Spring test ApplicationContext cache statistics: [DefaultContextCache@65a4798f size = 4, maxSize = 32, parentContextCount = 0, hitCount = 25, missCount = 4, failureCount = 0]
22:01:29.307 [main] DEBUG org.springframework.test.context.cache -- Spring test ApplicationContext cache statistics: [DefaultContextCache@65a4798f size = 4, maxSize = 32, parentContextCount = 0, hitCount = 26, missCount = 4, failureCount = 0]
22:01:29.308 [main] DEBUG org.springframework.jdbc.datasource.DataSourceTransactionManager -- Initiating transaction rollback
22:01:29.308 [main] DEBUG org.springframework.jdbc.datasource.DataSourceTransactionManager -- Rolling back JDBC transaction on Connection [conn5: url=jdbc:h2:mem:pvz user=SA]
22:01:29.309 [main] DEBUG org.springframework.jdbc.datasource.DataSourceTransactionManager -- Releasing JDBC Connection [conn5: url=jdbc:h2:mem:pvz user=SA] after transaction
22:01:29.310 [main] DEBUG org.springframework.test.context.transaction.TransactionContext -- Rolled back transaction (1) for test class [com.epf.dao.ZombieDaoImplTest]; test method [testInsertGetUpdateDelete]
22:01:29.311 [main] DEBUG org.springframework.test.context.support.DirtiesContextTestExecutionListener -- After test method: class [ZombieDaoImplTest], method [testInsertGetUpdateDelete], class annotated with @DirtiesContext [false] with mode [null], method annotated with @DirtiesContext [false] with mode [null]
]]></system-out>
  </testcase>
  <testcase name="testGetByMapId" classname="com.epf.dao.ZombieDaoImplTest" time="0.015">
    <system-out><![CDATA[22:01:29.314 [main] DEBUG org.springframework.test.context.support.DependencyInjectionTestExecutionListener -- Performing dependency injection for test class com.epf.dao.ZombieDaoImplTest
22:01:29.315 [main] DEBUG org.springframework.test.context.cache -- Spring test ApplicationContext cache statistics: [DefaultContextCache@65a4798f size = 4, maxSize = 32, parentContextCount = 0, hitCount = 27, missCount = 4, failureCount = 0]
22:01:29.317 [main] DEBUG org.springframework.test.context.cache -- Spring test ApplicationContext cache statistics: [DefaultContextCache@65a4798f size = 4, maxSize = 32, parentContextCount = 0, hitCount = 28, missCount = 4, failureCount = 0]
22:01:29.319 [main] DEBUG org.springframework.test.context.support.DirtiesContextBeforeModesTestExecutionListener -- Before test method: class [ZombieDaoImplTest], method [testGetByMapId], class annotated with @DirtiesContext [false] with mode [null], method annotated with @DirtiesContext [false] with mode [null]
22:01:29.320 [main] DEBUG org.springframework.test.context.transaction.TransactionalTestExecutionListener -- Explicit transaction definition [PROPAGATION_REQUIRED,ISOLATION_DEFAULT] found for test class [com.epf.dao.ZombieDaoImplTest] and test method [testGetByMapId]
22:01:29.320 [main] DEBUG org.springframework.test.context.cache -- Spring test ApplicationContext cache statistics: [DefaultContextCache@65a4798f size = 4, maxSize = 32, parentContextCount = 0, hitCount = 29, missCount = 4, failureCount = 0]
22:01:29.322 [main] DEBUG org.springframework.test.context.transaction.TransactionalTestExecutionListener -- No method-level @Rollback override: using default rollback [true] for test method [public void com.epf.dao.ZombieDaoImplTest.testGetByMapId()]
22:01:29.322 [main] DEBUG org.springframework.jdbc.datasource.DataSourceTransactionManager -- Creating new transaction with name [com.epf.dao.ZombieDaoImplTest.testGetByMapId]: PROPAGATION_REQUIRED,ISOLATION_DEFAULT
22:01:29.322 [main] DEBUG org.springframework.jdbc.datasource.DriverManagerDataSource -- Creating new JDBC DriverManager Connection to [jdbc:h2:mem:pvz;DB_CLOSE_DELAY=-1;DB_CLOSE_ON_EXIT=FALSE]
22:01:29.324 [main] DEBUG org.springframework.jdbc.datasource.DataSourceTransactionManager -- Acquired Connection [conn6: url=jdbc:h2:mem:pvz user=SA] for JDBC transaction
22:01:29.324 [main] DEBUG org.springframework.jdbc.datasource.DataSourceTransactionManager -- Switching JDBC Connection [conn6: url=jdbc:h2:mem:pvz user=SA] to manual commit
22:01:29.324 [main] DEBUG org.springframework.test.context.transaction.TransactionContext -- Began transaction (1) for test class [com.epf.dao.ZombieDaoImplTest]; test method [testGetByMapId]; transaction manager [org.springframework.jdbc.datasource.DataSourceTransactionManager@3ac8cf9b]; rollback [true]
22:01:29.325 [main] DEBUG org.springframework.test.context.cache -- Spring test ApplicationContext cache statistics: [DefaultContextCache@65a4798f size = 4, maxSize = 32, parentContextCount = 0, hitCount = 30, missCount = 4, failureCount = 0]
22:01:29.325 [main] DEBUG org.springframework.test.context.cache -- Spring test ApplicationContext cache statistics: [DefaultContextCache@65a4798f size = 4, maxSize = 32, parentContextCount = 0, hitCount = 31, missCount = 4, failureCount = 0]
22:01:29.326 [main] DEBUG org.springframework.jdbc.core.JdbcTemplate -- Executing prepared SQL query
22:01:29.326 [main] DEBUG org.springframework.jdbc.core.JdbcTemplate -- Executing prepared SQL statement [SELECT * FROM zombie WHERE id_map = ?]
22:01:29.328 [main] DEBUG org.springframework.test.context.cache -- Spring test ApplicationContext cache statistics: [DefaultContextCache@65a4798f size = 4, maxSize = 32, parentContextCount = 0, hitCount = 32, missCount = 4, failureCount = 0]
22:01:29.329 [main] DEBUG org.springframework.test.context.cache -- Spring test ApplicationContext cache statistics: [DefaultContextCache@65a4798f size = 4, maxSize = 32, parentContextCount = 0, hitCount = 33, missCount = 4, failureCount = 0]
22:01:29.330 [main] DEBUG org.springframework.jdbc.datasource.DataSourceTransactionManager -- Initiating transaction rollback
22:01:29.331 [main] DEBUG org.springframework.jdbc.datasource.DataSourceTransactionManager -- Rolling back JDBC transaction on Connection [conn6: url=jdbc:h2:mem:pvz user=SA]
22:01:29.331 [main] DEBUG org.springframework.jdbc.datasource.DataSourceTransactionManager -- Releasing JDBC Connection [conn6: url=jdbc:h2:mem:pvz user=SA] after transaction
22:01:29.332 [main] DEBUG org.springframework.test.context.transaction.TransactionContext -- Rolled back transaction (1) for test class [com.epf.dao.ZombieDaoImplTest]; test method [testGetByMapId]
22:01:29.332 [main] DEBUG org.springframework.test.context.support.DirtiesContextTestExecutionListener -- After test method: class [ZombieDaoImplTest], method [testGetByMapId], class annotated with @DirtiesContext [false] with mode [null], method annotated with @DirtiesContext [false] with mode [null]
]]></system-out>
  </testcase>
</testsuite>